<?xml version="1.0" encoding="UTF-8"?>
<!-- Generated by org.testng.reporters.JUnitReportReporter -->
<testsuite hostname="MUM990197" failures="0" tests="5" name="com.crm.qa.testcases.HomePageTest" time="67.607" errors="0" timestamp="07 Jan 2021 13:56:09 GMT" skipped="0">
  <testcase classname="com.crm.qa.testcases.HomePageTest" name="getCatalogCount" time="11.393"/>
  <testcase classname="com.crm.qa.testcases.HomePageTest" name="verifyCompanyTitlevisibility" time="13.092"/>
  <testcase classname="com.crm.qa.testcases.HomePageTest" name="getDetails" time="19.575"/>
  <testcase classname="com.crm.qa.testcases.HomePageTest" name="verifyCompanyTitle" time="11.684"/>
  <testcase classname="com.crm.qa.testcases.HomePageTest" name="ChainsClick" time="11.863"/>
</testsuite> <!-- com.crm.qa.testcases.HomePageTest -->
