<?xml version="1.0" encoding="UTF-8"?>
<!-- Generated by org.testng.reporters.JUnitReportReporter -->
<testsuite hostname="MUM990197" failures="0" tests="3" name="com.crm.qa.testcases.ReviewPageTest" time="110.419" errors="0" timestamp="07 Jan 2021 13:56:09 GMT" skipped="0">
  <testcase classname="com.crm.qa.testcases.ReviewPageTest" name="OrderWithBlankData" time="35.427"/>
  <testcase classname="com.crm.qa.testcases.ReviewPageTest" name="RemoveTest" time="37.856"/>
  <testcase classname="com.crm.qa.testcases.ReviewPageTest" name="AddtoCart" time="37.136"/>
</testsuite> <!-- com.crm.qa.testcases.ReviewPageTest -->
