<?xml version="1.0" encoding="UTF-8"?>
<!-- Generated by org.testng.reporters.JUnitReportReporter -->
<testsuite hostname="MUM990197" failures="0" tests="2" name="com.crm.qa.testcases.ChainsCatalogueTest" time="48.159" errors="0" timestamp="07 Jan 2021 13:56:09 GMT" skipped="0">
  <testcase classname="com.crm.qa.testcases.ChainsCatalogueTest" name="ViewBasket" time="35.224"/>
  <testcase classname="com.crm.qa.testcases.ChainsCatalogueTest" name="validateFilter" time="12.935"/>
</testsuite> <!-- com.crm.qa.testcases.ChainsCatalogueTest -->
